  main.cpp
D:\Cherchez\Microsoft Visual Studio\Documents\Repos\tset\tset\main.cpp(90,43): warning C4244: “参数”: 从“double”转换到“GLfloat”，可能丢失数据
D:\Cherchez\Microsoft Visual Studio\Documents\Repos\tset\tset\main.cpp(90,32): warning C4244: “参数”: 从“double”转换到“GLfloat”，可能丢失数据
D:\Cherchez\Microsoft Visual Studio\Documents\Repos\tset\tset\main.cpp(90,21): warning C4244: “参数”: 从“double”转换到“GLfloat”，可能丢失数据
D:\Cherchez\Microsoft Visual Studio\Documents\Repos\tset\tset\main.cpp(91,43): warning C4244: “参数”: 从“double”转换到“GLfloat”，可能丢失数据
D:\Cherchez\Microsoft Visual Studio\Documents\Repos\tset\tset\main.cpp(91,32): warning C4244: “参数”: 从“double”转换到“GLfloat”，可能丢失数据
D:\Cherchez\Microsoft Visual Studio\Documents\Repos\tset\tset\main.cpp(91,21): warning C4244: “参数”: 从“double”转换到“GLfloat”，可能丢失数据
D:\Cherchez\Microsoft Visual Studio\Documents\Repos\tset\tset\main.cpp(92,43): warning C4244: “参数”: 从“double”转换到“GLfloat”，可能丢失数据
D:\Cherchez\Microsoft Visual Studio\Documents\Repos\tset\tset\main.cpp(92,32): warning C4244: “参数”: 从“double”转换到“GLfloat”，可能丢失数据
D:\Cherchez\Microsoft Visual Studio\Documents\Repos\tset\tset\main.cpp(92,21): warning C4244: “参数”: 从“double”转换到“GLfloat”，可能丢失数据
D:\Cherchez\Microsoft Visual Studio\Documents\Repos\tset\tset\main.cpp(93,43): warning C4244: “参数”: 从“double”转换到“GLfloat”，可能丢失数据
D:\Cherchez\Microsoft Visual Studio\Documents\Repos\tset\tset\main.cpp(93,32): warning C4244: “参数”: 从“double”转换到“GLfloat”，可能丢失数据
D:\Cherchez\Microsoft Visual Studio\Documents\Repos\tset\tset\main.cpp(93,21): warning C4244: “参数”: 从“double”转换到“GLfloat”，可能丢失数据
D:\Cherchez\Microsoft Visual Studio\Documents\Repos\tset\tset\main.cpp(98,43): warning C4244: “参数”: 从“double”转换到“GLfloat”，可能丢失数据
D:\Cherchez\Microsoft Visual Studio\Documents\Repos\tset\tset\main.cpp(98,32): warning C4244: “参数”: 从“double”转换到“GLfloat”，可能丢失数据
D:\Cherchez\Microsoft Visual Studio\Documents\Repos\tset\tset\main.cpp(98,21): warning C4244: “参数”: 从“double”转换到“GLfloat”，可能丢失数据
D:\Cherchez\Microsoft Visual Studio\Documents\Repos\tset\tset\main.cpp(99,43): warning C4244: “参数”: 从“double”转换到“GLfloat”，可能丢失数据
D:\Cherchez\Microsoft Visual Studio\Documents\Repos\tset\tset\main.cpp(99,32): warning C4244: “参数”: 从“double”转换到“GLfloat”，可能丢失数据
D:\Cherchez\Microsoft Visual Studio\Documents\Repos\tset\tset\main.cpp(99,21): warning C4244: “参数”: 从“double”转换到“GLfloat”，可能丢失数据
D:\Cherchez\Microsoft Visual Studio\Documents\Repos\tset\tset\main.cpp(100,43): warning C4244: “参数”: 从“double”转换到“GLfloat”，可能丢失数据
D:\Cherchez\Microsoft Visual Studio\Documents\Repos\tset\tset\main.cpp(100,32): warning C4244: “参数”: 从“double”转换到“GLfloat”，可能丢失数据
D:\Cherchez\Microsoft Visual Studio\Documents\Repos\tset\tset\main.cpp(100,21): warning C4244: “参数”: 从“double”转换到“GLfloat”，可能丢失数据
D:\Cherchez\Microsoft Visual Studio\Documents\Repos\tset\tset\main.cpp(105,43): warning C4244: “参数”: 从“double”转换到“GLfloat”，可能丢失数据
D:\Cherchez\Microsoft Visual Studio\Documents\Repos\tset\tset\main.cpp(105,32): warning C4244: “参数”: 从“double”转换到“GLfloat”，可能丢失数据
D:\Cherchez\Microsoft Visual Studio\Documents\Repos\tset\tset\main.cpp(105,21): warning C4244: “参数”: 从“double”转换到“GLfloat”，可能丢失数据
D:\Cherchez\Microsoft Visual Studio\Documents\Repos\tset\tset\main.cpp(106,43): warning C4244: “参数”: 从“double”转换到“GLfloat”，可能丢失数据
D:\Cherchez\Microsoft Visual Studio\Documents\Repos\tset\tset\main.cpp(106,32): warning C4244: “参数”: 从“double”转换到“GLfloat”，可能丢失数据
D:\Cherchez\Microsoft Visual Studio\Documents\Repos\tset\tset\main.cpp(106,21): warning C4244: “参数”: 从“double”转换到“GLfloat”，可能丢失数据
D:\Cherchez\Microsoft Visual Studio\Documents\Repos\tset\tset\main.cpp(107,43): warning C4244: “参数”: 从“double”转换到“GLfloat”，可能丢失数据
D:\Cherchez\Microsoft Visual Studio\Documents\Repos\tset\tset\main.cpp(107,32): warning C4244: “参数”: 从“double”转换到“GLfloat”，可能丢失数据
D:\Cherchez\Microsoft Visual Studio\Documents\Repos\tset\tset\main.cpp(107,21): warning C4244: “参数”: 从“double”转换到“GLfloat”，可能丢失数据
D:\Cherchez\Microsoft Visual Studio\Documents\Repos\tset\tset\main.cpp(112,43): warning C4244: “参数”: 从“double”转换到“GLfloat”，可能丢失数据
D:\Cherchez\Microsoft Visual Studio\Documents\Repos\tset\tset\main.cpp(112,32): warning C4244: “参数”: 从“double”转换到“GLfloat”，可能丢失数据
D:\Cherchez\Microsoft Visual Studio\Documents\Repos\tset\tset\main.cpp(112,21): warning C4244: “参数”: 从“double”转换到“GLfloat”，可能丢失数据
D:\Cherchez\Microsoft Visual Studio\Documents\Repos\tset\tset\main.cpp(113,43): warning C4244: “参数”: 从“double”转换到“GLfloat”，可能丢失数据
D:\Cherchez\Microsoft Visual Studio\Documents\Repos\tset\tset\main.cpp(113,32): warning C4244: “参数”: 从“double”转换到“GLfloat”，可能丢失数据
D:\Cherchez\Microsoft Visual Studio\Documents\Repos\tset\tset\main.cpp(113,21): warning C4244: “参数”: 从“double”转换到“GLfloat”，可能丢失数据
D:\Cherchez\Microsoft Visual Studio\Documents\Repos\tset\tset\main.cpp(114,43): warning C4244: “参数”: 从“double”转换到“GLfloat”，可能丢失数据
D:\Cherchez\Microsoft Visual Studio\Documents\Repos\tset\tset\main.cpp(114,32): warning C4244: “参数”: 从“double”转换到“GLfloat”，可能丢失数据
D:\Cherchez\Microsoft Visual Studio\Documents\Repos\tset\tset\main.cpp(114,21): warning C4244: “参数”: 从“double”转换到“GLfloat”，可能丢失数据
D:\Cherchez\Microsoft Visual Studio\Documents\Repos\tset\tset\main.cpp(115,43): warning C4244: “参数”: 从“double”转换到“GLfloat”，可能丢失数据
D:\Cherchez\Microsoft Visual Studio\Documents\Repos\tset\tset\main.cpp(115,32): warning C4244: “参数”: 从“double”转换到“GLfloat”，可能丢失数据
D:\Cherchez\Microsoft Visual Studio\Documents\Repos\tset\tset\main.cpp(115,21): warning C4244: “参数”: 从“double”转换到“GLfloat”，可能丢失数据
D:\Cherchez\Microsoft Visual Studio\Documents\Repos\tset\tset\main.cpp(120,43): warning C4244: “参数”: 从“double”转换到“GLfloat”，可能丢失数据
D:\Cherchez\Microsoft Visual Studio\Documents\Repos\tset\tset\main.cpp(120,32): warning C4244: “参数”: 从“double”转换到“GLfloat”，可能丢失数据
D:\Cherchez\Microsoft Visual Studio\Documents\Repos\tset\tset\main.cpp(120,21): warning C4244: “参数”: 从“double”转换到“GLfloat”，可能丢失数据
D:\Cherchez\Microsoft Visual Studio\Documents\Repos\tset\tset\main.cpp(121,43): warning C4244: “参数”: 从“double”转换到“GLfloat”，可能丢失数据
D:\Cherchez\Microsoft Visual Studio\Documents\Repos\tset\tset\main.cpp(121,32): warning C4244: “参数”: 从“double”转换到“GLfloat”，可能丢失数据
D:\Cherchez\Microsoft Visual Studio\Documents\Repos\tset\tset\main.cpp(121,21): warning C4244: “参数”: 从“double”转换到“GLfloat”，可能丢失数据
D:\Cherchez\Microsoft Visual Studio\Documents\Repos\tset\tset\main.cpp(122,43): warning C4244: “参数”: 从“double”转换到“GLfloat”，可能丢失数据
D:\Cherchez\Microsoft Visual Studio\Documents\Repos\tset\tset\main.cpp(122,32): warning C4244: “参数”: 从“double”转换到“GLfloat”，可能丢失数据
D:\Cherchez\Microsoft Visual Studio\Documents\Repos\tset\tset\main.cpp(122,21): warning C4244: “参数”: 从“double”转换到“GLfloat”，可能丢失数据
D:\Cherchez\Microsoft Visual Studio\Documents\Repos\tset\tset\main.cpp(123,43): warning C4244: “参数”: 从“double”转换到“GLfloat”，可能丢失数据
D:\Cherchez\Microsoft Visual Studio\Documents\Repos\tset\tset\main.cpp(123,32): warning C4244: “参数”: 从“double”转换到“GLfloat”，可能丢失数据
D:\Cherchez\Microsoft Visual Studio\Documents\Repos\tset\tset\main.cpp(123,21): warning C4244: “参数”: 从“double”转换到“GLfloat”，可能丢失数据
D:\Cherchez\Microsoft Visual Studio\Documents\Repos\tset\tset\main.cpp(131,43): warning C4244: “参数”: 从“double”转换到“GLfloat”，可能丢失数据
D:\Cherchez\Microsoft Visual Studio\Documents\Repos\tset\tset\main.cpp(131,32): warning C4244: “参数”: 从“double”转换到“GLfloat”，可能丢失数据
D:\Cherchez\Microsoft Visual Studio\Documents\Repos\tset\tset\main.cpp(131,21): warning C4244: “参数”: 从“double”转换到“GLfloat”，可能丢失数据
D:\Cherchez\Microsoft Visual Studio\Documents\Repos\tset\tset\main.cpp(132,43): warning C4244: “参数”: 从“double”转换到“GLfloat”，可能丢失数据
D:\Cherchez\Microsoft Visual Studio\Documents\Repos\tset\tset\main.cpp(132,32): warning C4244: “参数”: 从“double”转换到“GLfloat”，可能丢失数据
D:\Cherchez\Microsoft Visual Studio\Documents\Repos\tset\tset\main.cpp(132,21): warning C4244: “参数”: 从“double”转换到“GLfloat”，可能丢失数据
D:\Cherchez\Microsoft Visual Studio\Documents\Repos\tset\tset\main.cpp(133,43): warning C4244: “参数”: 从“double”转换到“GLfloat”，可能丢失数据
D:\Cherchez\Microsoft Visual Studio\Documents\Repos\tset\tset\main.cpp(133,32): warning C4244: “参数”: 从“double”转换到“GLfloat”，可能丢失数据
D:\Cherchez\Microsoft Visual Studio\Documents\Repos\tset\tset\main.cpp(133,21): warning C4244: “参数”: 从“double”转换到“GLfloat”，可能丢失数据
D:\Cherchez\Microsoft Visual Studio\Documents\Repos\tset\tset\main.cpp(134,43): warning C4244: “参数”: 从“double”转换到“GLfloat”，可能丢失数据
D:\Cherchez\Microsoft Visual Studio\Documents\Repos\tset\tset\main.cpp(134,32): warning C4244: “参数”: 从“double”转换到“GLfloat”，可能丢失数据
D:\Cherchez\Microsoft Visual Studio\Documents\Repos\tset\tset\main.cpp(134,21): warning C4244: “参数”: 从“double”转换到“GLfloat”，可能丢失数据
D:\Cherchez\Microsoft Visual Studio\Documents\Repos\tset\tset\main.cpp(139,43): warning C4244: “参数”: 从“double”转换到“GLfloat”，可能丢失数据
D:\Cherchez\Microsoft Visual Studio\Documents\Repos\tset\tset\main.cpp(139,32): warning C4244: “参数”: 从“double”转换到“GLfloat”，可能丢失数据
D:\Cherchez\Microsoft Visual Studio\Documents\Repos\tset\tset\main.cpp(139,21): warning C4244: “参数”: 从“double”转换到“GLfloat”，可能丢失数据
D:\Cherchez\Microsoft Visual Studio\Documents\Repos\tset\tset\main.cpp(140,43): warning C4244: “参数”: 从“double”转换到“GLfloat”，可能丢失数据
D:\Cherchez\Microsoft Visual Studio\Documents\Repos\tset\tset\main.cpp(140,32): warning C4244: “参数”: 从“double”转换到“GLfloat”，可能丢失数据
D:\Cherchez\Microsoft Visual Studio\Documents\Repos\tset\tset\main.cpp(140,21): warning C4244: “参数”: 从“double”转换到“GLfloat”，可能丢失数据
D:\Cherchez\Microsoft Visual Studio\Documents\Repos\tset\tset\main.cpp(141,43): warning C4244: “参数”: 从“double”转换到“GLfloat”，可能丢失数据
D:\Cherchez\Microsoft Visual Studio\Documents\Repos\tset\tset\main.cpp(141,32): warning C4244: “参数”: 从“double”转换到“GLfloat”，可能丢失数据
D:\Cherchez\Microsoft Visual Studio\Documents\Repos\tset\tset\main.cpp(141,21): warning C4244: “参数”: 从“double”转换到“GLfloat”，可能丢失数据
D:\Cherchez\Microsoft Visual Studio\Documents\Repos\tset\tset\main.cpp(142,43): warning C4244: “参数”: 从“double”转换到“GLfloat”，可能丢失数据
D:\Cherchez\Microsoft Visual Studio\Documents\Repos\tset\tset\main.cpp(142,32): warning C4244: “参数”: 从“double”转换到“GLfloat”，可能丢失数据
D:\Cherchez\Microsoft Visual Studio\Documents\Repos\tset\tset\main.cpp(142,21): warning C4244: “参数”: 从“double”转换到“GLfloat”，可能丢失数据
D:\Cherchez\Microsoft Visual Studio\Documents\Repos\tset\tset\main.cpp(147,43): warning C4244: “参数”: 从“double”转换到“GLfloat”，可能丢失数据
D:\Cherchez\Microsoft Visual Studio\Documents\Repos\tset\tset\main.cpp(147,32): warning C4244: “参数”: 从“double”转换到“GLfloat”，可能丢失数据
D:\Cherchez\Microsoft Visual Studio\Documents\Repos\tset\tset\main.cpp(147,21): warning C4244: “参数”: 从“double”转换到“GLfloat”，可能丢失数据
D:\Cherchez\Microsoft Visual Studio\Documents\Repos\tset\tset\main.cpp(148,43): warning C4244: “参数”: 从“double”转换到“GLfloat”，可能丢失数据
D:\Cherchez\Microsoft Visual Studio\Documents\Repos\tset\tset\main.cpp(148,32): warning C4244: “参数”: 从“double”转换到“GLfloat”，可能丢失数据
D:\Cherchez\Microsoft Visual Studio\Documents\Repos\tset\tset\main.cpp(148,21): warning C4244: “参数”: 从“double”转换到“GLfloat”，可能丢失数据
D:\Cherchez\Microsoft Visual Studio\Documents\Repos\tset\tset\main.cpp(149,43): warning C4244: “参数”: 从“double”转换到“GLfloat”，可能丢失数据
D:\Cherchez\Microsoft Visual Studio\Documents\Repos\tset\tset\main.cpp(149,32): warning C4244: “参数”: 从“double”转换到“GLfloat”，可能丢失数据
D:\Cherchez\Microsoft Visual Studio\Documents\Repos\tset\tset\main.cpp(149,21): warning C4244: “参数”: 从“double”转换到“GLfloat”，可能丢失数据
D:\Cherchez\Microsoft Visual Studio\Documents\Repos\tset\tset\main.cpp(150,43): warning C4244: “参数”: 从“double”转换到“GLfloat”，可能丢失数据
D:\Cherchez\Microsoft Visual Studio\Documents\Repos\tset\tset\main.cpp(150,32): warning C4244: “参数”: 从“double”转换到“GLfloat”，可能丢失数据
D:\Cherchez\Microsoft Visual Studio\Documents\Repos\tset\tset\main.cpp(150,21): warning C4244: “参数”: 从“double”转换到“GLfloat”，可能丢失数据
D:\Cherchez\Microsoft Visual Studio\Documents\Repos\tset\tset\main.cpp(155,43): warning C4244: “参数”: 从“double”转换到“GLfloat”，可能丢失数据
D:\Cherchez\Microsoft Visual Studio\Documents\Repos\tset\tset\main.cpp(155,32): warning C4244: “参数”: 从“double”转换到“GLfloat”，可能丢失数据
D:\Cherchez\Microsoft Visual Studio\Documents\Repos\tset\tset\main.cpp(155,21): warning C4244: “参数”: 从“double”转换到“GLfloat”，可能丢失数据
D:\Cherchez\Microsoft Visual Studio\Documents\Repos\tset\tset\main.cpp(156,43): warning C4244: “参数”: 从“double”转换到“GLfloat”，可能丢失数据
D:\Cherchez\Microsoft Visual Studio\Documents\Repos\tset\tset\main.cpp(156,32): warning C4244: “参数”: 从“double”转换到“GLfloat”，可能丢失数据
D:\Cherchez\Microsoft Visual Studio\Documents\Repos\tset\tset\main.cpp(156,21): warning C4244: “参数”: 从“double”转换到“GLfloat”，可能丢失数据
D:\Cherchez\Microsoft Visual Studio\Documents\Repos\tset\tset\main.cpp(157,43): warning C4244: “参数”: 从“double”转换到“GLfloat”，可能丢失数据
D:\Cherchez\Microsoft Visual Studio\Documents\Repos\tset\tset\main.cpp(157,32): warning C4244: “参数”: 从“double”转换到“GLfloat”，可能丢失数据
D:\Cherchez\Microsoft Visual Studio\Documents\Repos\tset\tset\main.cpp(157,21): warning C4244: “参数”: 从“double”转换到“GLfloat”，可能丢失数据
D:\Cherchez\Microsoft Visual Studio\Documents\Repos\tset\tset\main.cpp(158,43): warning C4244: “参数”: 从“double”转换到“GLfloat”，可能丢失数据
D:\Cherchez\Microsoft Visual Studio\Documents\Repos\tset\tset\main.cpp(158,32): warning C4244: “参数”: 从“double”转换到“GLfloat”，可能丢失数据
D:\Cherchez\Microsoft Visual Studio\Documents\Repos\tset\tset\main.cpp(158,21): warning C4244: “参数”: 从“double”转换到“GLfloat”，可能丢失数据
D:\Cherchez\Microsoft Visual Studio\Documents\Repos\tset\tset\main.cpp(163,43): warning C4244: “参数”: 从“double”转换到“GLfloat”，可能丢失数据
D:\Cherchez\Microsoft Visual Studio\Documents\Repos\tset\tset\main.cpp(163,32): warning C4244: “参数”: 从“double”转换到“GLfloat”，可能丢失数据
D:\Cherchez\Microsoft Visual Studio\Documents\Repos\tset\tset\main.cpp(163,21): warning C4244: “参数”: 从“double”转换到“GLfloat”，可能丢失数据
D:\Cherchez\Microsoft Visual Studio\Documents\Repos\tset\tset\main.cpp(164,43): warning C4244: “参数”: 从“double”转换到“GLfloat”，可能丢失数据
D:\Cherchez\Microsoft Visual Studio\Documents\Repos\tset\tset\main.cpp(164,32): warning C4244: “参数”: 从“double”转换到“GLfloat”，可能丢失数据
D:\Cherchez\Microsoft Visual Studio\Documents\Repos\tset\tset\main.cpp(164,21): warning C4244: “参数”: 从“double”转换到“GLfloat”，可能丢失数据
D:\Cherchez\Microsoft Visual Studio\Documents\Repos\tset\tset\main.cpp(165,43): warning C4244: “参数”: 从“double”转换到“GLfloat”，可能丢失数据
D:\Cherchez\Microsoft Visual Studio\Documents\Repos\tset\tset\main.cpp(165,32): warning C4244: “参数”: 从“double”转换到“GLfloat”，可能丢失数据
D:\Cherchez\Microsoft Visual Studio\Documents\Repos\tset\tset\main.cpp(165,21): warning C4244: “参数”: 从“double”转换到“GLfloat”，可能丢失数据
D:\Cherchez\Microsoft Visual Studio\Documents\Repos\tset\tset\main.cpp(166,43): warning C4244: “参数”: 从“double”转换到“GLfloat”，可能丢失数据
D:\Cherchez\Microsoft Visual Studio\Documents\Repos\tset\tset\main.cpp(166,32): warning C4244: “参数”: 从“double”转换到“GLfloat”，可能丢失数据
D:\Cherchez\Microsoft Visual Studio\Documents\Repos\tset\tset\main.cpp(166,21): warning C4244: “参数”: 从“double”转换到“GLfloat”，可能丢失数据
D:\Cherchez\Microsoft Visual Studio\Documents\Repos\tset\tset\main.cpp(171,43): warning C4244: “参数”: 从“double”转换到“GLfloat”，可能丢失数据
D:\Cherchez\Microsoft Visual Studio\Documents\Repos\tset\tset\main.cpp(171,32): warning C4244: “参数”: 从“double”转换到“GLfloat”，可能丢失数据
D:\Cherchez\Microsoft Visual Studio\Documents\Repos\tset\tset\main.cpp(171,21): warning C4244: “参数”: 从“double”转换到“GLfloat”，可能丢失数据
D:\Cherchez\Microsoft Visual Studio\Documents\Repos\tset\tset\main.cpp(172,43): warning C4244: “参数”: 从“double”转换到“GLfloat”，可能丢失数据
D:\Cherchez\Microsoft Visual Studio\Documents\Repos\tset\tset\main.cpp(172,32): warning C4244: “参数”: 从“double”转换到“GLfloat”，可能丢失数据
D:\Cherchez\Microsoft Visual Studio\Documents\Repos\tset\tset\main.cpp(172,21): warning C4244: “参数”: 从“double”转换到“GLfloat”，可能丢失数据
D:\Cherchez\Microsoft Visual Studio\Documents\Repos\tset\tset\main.cpp(173,43): warning C4244: “参数”: 从“double”转换到“GLfloat”，可能丢失数据
D:\Cherchez\Microsoft Visual Studio\Documents\Repos\tset\tset\main.cpp(173,32): warning C4244: “参数”: 从“double”转换到“GLfloat”，可能丢失数据
D:\Cherchez\Microsoft Visual Studio\Documents\Repos\tset\tset\main.cpp(173,21): warning C4244: “参数”: 从“double”转换到“GLfloat”，可能丢失数据
D:\Cherchez\Microsoft Visual Studio\Documents\Repos\tset\tset\main.cpp(174,43): warning C4244: “参数”: 从“double”转换到“GLfloat”，可能丢失数据
D:\Cherchez\Microsoft Visual Studio\Documents\Repos\tset\tset\main.cpp(174,32): warning C4244: “参数”: 从“double”转换到“GLfloat”，可能丢失数据
D:\Cherchez\Microsoft Visual Studio\Documents\Repos\tset\tset\main.cpp(174,21): warning C4244: “参数”: 从“double”转换到“GLfloat”，可能丢失数据
D:\Cherchez\Microsoft Visual Studio\Documents\Repos\tset\tset\main.cpp(219,32): warning C4305: “参数”: 从“double”到“GLfloat”截断
D:\Cherchez\Microsoft Visual Studio\Documents\Repos\tset\tset\main.cpp(267,12): warning C4244: “参数”: 从“double”转换到“GLfloat”，可能丢失数据
D:\Cherchez\Microsoft Visual Studio\Documents\Repos\tset\tset\main.cpp(310,25): warning C4305: “参数”: 从“double”到“GLfloat”截断
D:\Cherchez\Microsoft Visual Studio\Documents\Repos\tset\tset\main.cpp(344,31): warning C4305: “参数”: 从“double”到“GLfloat”截断
D:\Cherchez\Microsoft Visual Studio\Documents\Repos\tset\tset\main.cpp(347,31): warning C4305: “参数”: 从“double”到“GLfloat”截断
D:\Cherchez\Microsoft Visual Studio\Documents\Repos\tset\tset\main.cpp(350,31): warning C4305: “参数”: 从“double”到“GLfloat”截断
D:\Cherchez\Microsoft Visual Studio\Documents\Repos\tset\tset\main.cpp(353,31): warning C4305: “参数”: 从“double”到“GLfloat”截断
D:\Cherchez\Microsoft Visual Studio\Documents\Repos\tset\tset\main.cpp(356,31): warning C4305: “参数”: 从“double”到“GLfloat”截断
D:\Cherchez\Microsoft Visual Studio\Documents\Repos\tset\tset\main.cpp(359,31): warning C4305: “参数”: 从“double”到“GLfloat”截断
D:\Cherchez\Microsoft Visual Studio\Documents\Repos\tset\tset\main.cpp(362,31): warning C4305: “参数”: 从“double”到“GLfloat”截断
D:\Cherchez\Microsoft Visual Studio\Documents\Repos\tset\tset\main.cpp(365,31): warning C4305: “参数”: 从“double”到“GLfloat”截断
D:\Cherchez\Microsoft Visual Studio\Documents\Repos\tset\tset\main.cpp(370,25): warning C4305: “参数”: 从“double”到“GLfloat”截断
D:\Cherchez\Microsoft Visual Studio\Documents\Repos\tset\tset\main.cpp(397,36): warning C4305: “参数”: 从“double”到“GLclampf”截断
D:\Cherchez\Microsoft Visual Studio\Documents\Repos\tset\tset\main.cpp(404,36): warning C4305: “参数”: 从“double”到“GLclampf”截断
D:\Cherchez\Microsoft Visual Studio\Documents\Repos\tset\tset\main.cpp(430,33): warning C4305: “参数”: 从“double”到“GLclampf”截断
D:\Cherchez\Microsoft Visual Studio\Documents\Repos\tset\tset\main.cpp(571,24): warning C4244: “参数”: 从“GLfloat”转换到“int”，可能丢失数据
D:\Cherchez\Microsoft Visual Studio\Documents\Repos\tset\tset\main.cpp(571,21): warning C4244: “参数”: 从“GLfloat”转换到“int”，可能丢失数据
  tset.vcxproj -> D:\Cherchez\Microsoft Visual Studio\Documents\Repos\tset\Debug\tset.exe
